<?xml version="1.0" encoding="UTF-8"?>
<!-- Generated by org.testng.reporters.JUnitReportReporter -->
<testsuite hostname="LAPTOP-O5D7FEQR" failures="0" tests="1" name="TheFork.TheForkChallenge.HomePage" time="0.004" errors="0" timestamp="2022-03-19T12:38:18 CET" skipped="0">
  <testcase classname="TheFork.TheForkChallenge.HomePage" name="connexionStep" time="0.004"/>
  <system-out/>
</testsuite> <!-- TheFork.TheForkChallenge.HomePage -->
